<?xml version="1.0" encoding="UTF-8"?>
<testng-results ignored="0" total="1" passed="1" failed="0" skipped="0">
  <reporter-output>
  </reporter-output>
  <suite started-at="2022-05-10T16:11:45 IST" name="Suite" finished-at="2022-05-10T16:11:57 IST" duration-ms="11933">
    <groups>
    </groups>
    <test started-at="2022-05-10T16:11:45 IST" name="Test" finished-at="2022-05-10T16:11:57 IST" duration-ms="11933">
      <class name="jenkinmave.newjenkin.abc">
        <test-method is-config="true" signature="test()[pri:0, instance:jenkinmave.newjenkin.abc@5f058f00]" started-at="2022-05-10T16:11:45 IST" name="test" finished-at="2022-05-10T16:11:45 IST" duration-ms="8" status="PASS">
          <reporter-output>
          </reporter-output>
        </test-method> <!-- test -->
        <test-method signature="test1()[pri:0, instance:jenkinmave.newjenkin.abc@5f058f00]" started-at="2022-05-10T16:11:45 IST" name="test1" finished-at="2022-05-10T16:11:57 IST" duration-ms="11889" status="PASS">
          <reporter-output>
          </reporter-output>
        </test-method> <!-- test1 -->
      </class> <!-- jenkinmave.newjenkin.abc -->
    </test> <!-- Test -->
  </suite> <!-- Suite -->
</testng-results>
