<?xml version="1.0" encoding="UTF-8"?>
<testng-results ignored="0" total="1" passed="1" failed="0" skipped="0">
  <reporter-output>
  </reporter-output>
  <suite started-at="2022-05-10T15:32:42 IST" name="Default suite" finished-at="2022-05-10T15:32:42 IST" duration-ms="43">
    <groups>
    </groups>
    <test started-at="2022-05-10T15:32:42 IST" name="Default test" finished-at="2022-05-10T15:32:42 IST" duration-ms="43">
      <class name="jenkinmave.newjenkin.sampleclass">
        <test-method is-config="true" signature="test()[pri:0, instance:jenkinmave.newjenkin.sampleclass@4b5a5ed1]" started-at="2022-05-10T15:32:42 IST" name="test" finished-at="2022-05-10T15:32:42 IST" duration-ms="6" status="PASS">
          <reporter-output>
          </reporter-output>
        </test-method> <!-- test -->
        <test-method signature="test1()[pri:0, instance:jenkinmave.newjenkin.sampleclass@4b5a5ed1]" started-at="2022-05-10T15:32:42 IST" name="test1" finished-at="2022-05-10T15:32:42 IST" duration-ms="6" status="PASS">
          <reporter-output>
          </reporter-output>
        </test-method> <!-- test1 -->
      </class> <!-- jenkinmave.newjenkin.sampleclass -->
    </test> <!-- Default test -->
  </suite> <!-- Default suite -->
</testng-results>
